<?xml version="1.0" encoding="UTF-8"?>
<!-- Generated by org.testng.reporters.JUnitReportReporter -->
<testsuite hostname="tester-VirtualBox" name="RegisterAccountTests.PasswordToShortTest" tests="1" failures="0" timestamp="23 Dec 2020 18:54:26 GMT" time="1.330" errors="0">
  <testcase name="passwordToShort" time="1.330" classname="RegisterAccountTests.PasswordToShortTest"/>
</testsuite> <!-- RegisterAccountTests.PasswordToShortTest -->
