<?xml version="1.0" encoding="UTF-8"?>
<!-- Generated by org.testng.reporters.JUnitReportReporter -->
<testsuite hostname="tester-VirtualBox" name="RegisterAccountTests.ValidPassword50CharsTest" tests="1" failures="0" timestamp="23 Dec 2020 18:54:26 GMT" time="5.587" errors="0">
  <testcase name="validTestLongPass50Char" time="5.587" classname="RegisterAccountTests.ValidPassword50CharsTest"/>
</testsuite> <!-- RegisterAccountTests.ValidPassword50CharsTest -->
