<?xml version="1.0" encoding="UTF-8"?>
<!-- Generated by org.testng.reporters.JUnitReportReporter -->
<testsuite hostname="tester-VirtualBox" name="RegisterAccountTests.NoDataTest" tests="1" failures="0" timestamp="23 Dec 2020 18:54:26 GMT" time="0.326" errors="0">
  <testcase name="noData" time="0.326" classname="RegisterAccountTests.NoDataTest"/>
</testsuite> <!-- RegisterAccountTests.NoDataTest -->
