<?xml version="1.0" encoding="UTF-8"?>
<!-- Generated by org.testng.reporters.JUnitReportReporter -->
<testsuite hostname="tester-VirtualBox" name="RegisterAccountTests.ExistEmailTest" tests="1" failures="0" timestamp="23 Dec 2020 18:54:26 GMT" time="1.439" errors="0">
  <testcase name="sameEmail" time="1.439" classname="RegisterAccountTests.ExistEmailTest"/>
</testsuite> <!-- RegisterAccountTests.ExistEmailTest -->
