<?xml version="1.0" encoding="UTF-8"?>
<!-- Generated by org.testng.reporters.JUnitReportReporter -->
<testsuite hostname="tester-VirtualBox" name="RegisterAccountTests.PasswordToLongTest" tests="1" failures="0" timestamp="23 Dec 2020 18:54:26 GMT" time="1.388" errors="0">
  <testcase name="passToLong" time="1.388" classname="RegisterAccountTests.PasswordToLongTest"/>
</testsuite> <!-- RegisterAccountTests.PasswordToLongTest -->
