<?xml version="1.0" encoding="UTF-8"?>
<!-- Generated by org.testng.reporters.JUnitReportReporter -->
<testsuite hostname="tester-VirtualBox" name="RegisterAccountTests.ValidCredentialsTest" tests="1" failures="0" timestamp="23 Dec 2020 18:54:26 GMT" time="5.323" errors="0">
  <testcase name="validTest" time="5.323" classname="RegisterAccountTests.ValidCredentialsTest"/>
</testsuite> <!-- RegisterAccountTests.ValidCredentialsTest -->
