<?xml version="1.0" encoding="UTF-8"?>
<!-- Generated by org.testng.reporters.JUnitReportReporter -->
<testsuite skipped="0" hostname="tester-VirtualBox" name="AdminCreateEntities.AddStudents" tests="1" failures="0" timestamp="24 Dec 2020 13:01:39 GMT" time="4.832" errors="0">
  <testcase name="addStudents" time="4.832" classname="AdminCreateEntities.AddStudents"/>
</testsuite> <!-- AdminCreateEntities.AddStudents -->
