<?xml version="1.0" encoding="UTF-8"?>
<!-- Generated by org.testng.reporters.JUnitReportReporter -->
<testsuite hostname="tester-VirtualBox" name="Tests.OrangeHrmSiteTest" tests="3" failures="0" timestamp="8 Nov 2020 11:25:24 GMT" time="13.771" errors="0">
  <testcase name="TestingCandidates2" time="2.777" classname="Tests.OrangeHrmSiteTest"/>
  <testcase name="TestLogin" time="5.469" classname="Tests.OrangeHrmSiteTest"/>
  <testcase name="TestingCandidates" time="5.525" classname="Tests.OrangeHrmSiteTest"/>
</testsuite> <!-- Tests.OrangeHrmSiteTest -->
